<?xml version="1.0" encoding="UTF-8"?>
<!-- Generated by org.testng.reporters.JUnitReportReporter -->
<testsuite hostname="Homely-PC" name="testng.TestNgex1" tests="2" failures="0" timestamp="25 May 2018 15:38:50 GMT" time="0.018" errors="0">
  <testcase name="userReg" time="0.014" classname="testng.TestNgex1"/>
  <testcase name="userLogin" time="0.004" classname="testng.TestNgex1"/>
</testsuite> <!-- testng.TestNgex1 -->
