<?xml version="1.0" encoding="UTF-8"?>
<!-- Generated by org.testng.reporters.JUnitReportReporter -->
<testsuite hostname="Homely-PC" name="testng.MTloginTest" tests="1" failures="0" timestamp="28 May 2018 13:43:53 GMT" time="10.818" errors="0">
  <testcase name="userLogin" time="10.818" classname="testng.MTloginTest"/>
</testsuite> <!-- testng.MTloginTest -->
